<?xml version="1.0" encoding="UTF-8"?>
<!-- Generated by org.testng.reporters.JUnitReportReporter -->
<testsuite hostname="DESKTOP-V3O9M40" name="InviteTesting.CreateInvite" tests="8" failures="0" timestamp="6 Jun 2019 10:59:31 GMT" time="13.648" errors="0">
  <testcase name="createInvitePastvalidTill" time="1.688" classname="InviteTesting.CreateInvite"/>
  <testcase name="NopermissioncreateInvitePhone" time="1.988" classname="InviteTesting.CreateInvite"/>
  <testcase name="createInviteInvalidEmail" time="1.639" classname="InviteTesting.CreateInvite"/>
  <testcase name="createInviteIncorrectDate" time="1.610" classname="InviteTesting.CreateInvite"/>
  <testcase name="createInviteEmail" time="1.769" classname="InviteTesting.CreateInvite"/>
  <testcase name="createInviteInvalidPhone" time="1.606" classname="InviteTesting.CreateInvite"/>
  <testcase name="createInvitePhone" time="1.719" classname="InviteTesting.CreateInvite"/>
  <testcase name="invalidToken" time="1.629" classname="InviteTesting.CreateInvite"/>
</testsuite> <!-- InviteTesting.CreateInvite -->
